Determining if the CL_VERSION_2_0 exist failed with the following output:
Change Dir: /home/armadillo2/catkin_ws/src/armadillo2/armadillo2_utils/libfreenect2/build/CMakeFiles/CMakeTmp

Run Build Command:"/usr/bin/make" "cmTC_896c5/fast"
/usr/bin/make -f CMakeFiles/cmTC_896c5.dir/build.make CMakeFiles/cmTC_896c5.dir/build
make[1]: Entering directory '/home/armadillo2/catkin_ws/src/armadillo2/armadillo2_utils/libfreenect2/build/CMakeFiles/CMakeTmp'
Building C object CMakeFiles/cmTC_896c5.dir/CheckSymbolExists.c.o
/usr/bin/cc     -o CMakeFiles/cmTC_896c5.dir/CheckSymbolExists.c.o   -c /home/armadillo2/catkin_ws/src/armadillo2/armadillo2_utils/libfreenect2/build/CMakeFiles/CMakeTmp/CheckSymbolExists.c
/home/armadillo2/catkin_ws/src/armadillo2/armadillo2_utils/libfreenect2/build/CMakeFiles/CMakeTmp/CheckSymbolExists.c:2:47: fatal error: OpenCL_INCLUDE_DIR-NOTFOUND/CL/cl.h: No such file or directory
compilation terminated.
CMakeFiles/cmTC_896c5.dir/build.make:65: recipe for target 'CMakeFiles/cmTC_896c5.dir/CheckSymbolExists.c.o' failed
make[1]: *** [CMakeFiles/cmTC_896c5.dir/CheckSymbolExists.c.o] Error 1
make[1]: Leaving directory '/home/armadillo2/catkin_ws/src/armadillo2/armadillo2_utils/libfreenect2/build/CMakeFiles/CMakeTmp'
Makefile:126: recipe for target 'cmTC_896c5/fast' failed
make: *** [cmTC_896c5/fast] Error 2

File /home/armadillo2/catkin_ws/src/armadillo2/armadillo2_utils/libfreenect2/build/CMakeFiles/CMakeTmp/CheckSymbolExists.c:
/* */
#include <OpenCL_INCLUDE_DIR-NOTFOUND/CL/cl.h>

int main(int argc, char** argv)
{
  (void)argv;
#ifndef CL_VERSION_2_0
  return ((int*)(&CL_VERSION_2_0))[argc];
#else
  (void)argc;
  return 0;
#endif
}

Determining if the CL_VERSION_1_2 exist failed with the following output:
Change Dir: /home/armadillo2/catkin_ws/src/armadillo2/armadillo2_utils/libfreenect2/build/CMakeFiles/CMakeTmp

Run Build Command:"/usr/bin/make" "cmTC_d185b/fast"
/usr/bin/make -f CMakeFiles/cmTC_d185b.dir/build.make CMakeFiles/cmTC_d185b.dir/build
make[1]: Entering directory '/home/armadillo2/catkin_ws/src/armadillo2/armadillo2_utils/libfreenect2/build/CMakeFiles/CMakeTmp'
Building C object CMakeFiles/cmTC_d185b.dir/CheckSymbolExists.c.o
/usr/bin/cc     -o CMakeFiles/cmTC_d185b.dir/CheckSymbolExists.c.o   -c /home/armadillo2/catkin_ws/src/armadillo2/armadillo2_utils/libfreenect2/build/CMakeFiles/CMakeTmp/CheckSymbolExists.c
/home/armadillo2/catkin_ws/src/armadillo2/armadillo2_utils/libfreenect2/build/CMakeFiles/CMakeTmp/CheckSymbolExists.c:2:47: fatal error: OpenCL_INCLUDE_DIR-NOTFOUND/CL/cl.h: No such file or directory
compilation terminated.
CMakeFiles/cmTC_d185b.dir/build.make:65: recipe for target 'CMakeFiles/cmTC_d185b.dir/CheckSymbolExists.c.o' failed
make[1]: *** [CMakeFiles/cmTC_d185b.dir/CheckSymbolExists.c.o] Error 1
make[1]: Leaving directory '/home/armadillo2/catkin_ws/src/armadillo2/armadillo2_utils/libfreenect2/build/CMakeFiles/CMakeTmp'
Makefile:126: recipe for target 'cmTC_d185b/fast' failed
make: *** [cmTC_d185b/fast] Error 2

File /home/armadillo2/catkin_ws/src/armadillo2/armadillo2_utils/libfreenect2/build/CMakeFiles/CMakeTmp/CheckSymbolExists.c:
/* */
#include <OpenCL_INCLUDE_DIR-NOTFOUND/CL/cl.h>

int main(int argc, char** argv)
{
  (void)argv;
#ifndef CL_VERSION_1_2
  return ((int*)(&CL_VERSION_1_2))[argc];
#else
  (void)argc;
  return 0;
#endif
}

Determining if the CL_VERSION_1_1 exist failed with the following output:
Change Dir: /home/armadillo2/catkin_ws/src/armadillo2/armadillo2_utils/libfreenect2/build/CMakeFiles/CMakeTmp

Run Build Command:"/usr/bin/make" "cmTC_8ee92/fast"
/usr/bin/make -f CMakeFiles/cmTC_8ee92.dir/build.make CMakeFiles/cmTC_8ee92.dir/build
make[1]: Entering directory '/home/armadillo2/catkin_ws/src/armadillo2/armadillo2_utils/libfreenect2/build/CMakeFiles/CMakeTmp'
Building C object CMakeFiles/cmTC_8ee92.dir/CheckSymbolExists.c.o
/usr/bin/cc     -o CMakeFiles/cmTC_8ee92.dir/CheckSymbolExists.c.o   -c /home/armadillo2/catkin_ws/src/armadillo2/armadillo2_utils/libfreenect2/build/CMakeFiles/CMakeTmp/CheckSymbolExists.c
/home/armadillo2/catkin_ws/src/armadillo2/armadillo2_utils/libfreenect2/build/CMakeFiles/CMakeTmp/CheckSymbolExists.c:2:47: fatal error: OpenCL_INCLUDE_DIR-NOTFOUND/CL/cl.h: No such file or directory
compilation terminated.
CMakeFiles/cmTC_8ee92.dir/build.make:65: recipe for target 'CMakeFiles/cmTC_8ee92.dir/CheckSymbolExists.c.o' failed
make[1]: *** [CMakeFiles/cmTC_8ee92.dir/CheckSymbolExists.c.o] Error 1
make[1]: Leaving directory '/home/armadillo2/catkin_ws/src/armadillo2/armadillo2_utils/libfreenect2/build/CMakeFiles/CMakeTmp'
Makefile:126: recipe for target 'cmTC_8ee92/fast' failed
make: *** [cmTC_8ee92/fast] Error 2

File /home/armadillo2/catkin_ws/src/armadillo2/armadillo2_utils/libfreenect2/build/CMakeFiles/CMakeTmp/CheckSymbolExists.c:
/* */
#include <OpenCL_INCLUDE_DIR-NOTFOUND/CL/cl.h>

int main(int argc, char** argv)
{
  (void)argv;
#ifndef CL_VERSION_1_1
  return ((int*)(&CL_VERSION_1_1))[argc];
#else
  (void)argc;
  return 0;
#endif
}

Determining if the CL_VERSION_1_0 exist failed with the following output:
Change Dir: /home/armadillo2/catkin_ws/src/armadillo2/armadillo2_utils/libfreenect2/build/CMakeFiles/CMakeTmp

Run Build Command:"/usr/bin/make" "cmTC_b4c48/fast"
/usr/bin/make -f CMakeFiles/cmTC_b4c48.dir/build.make CMakeFiles/cmTC_b4c48.dir/build
make[1]: Entering directory '/home/armadillo2/catkin_ws/src/armadillo2/armadillo2_utils/libfreenect2/build/CMakeFiles/CMakeTmp'
Building C object CMakeFiles/cmTC_b4c48.dir/CheckSymbolExists.c.o
/usr/bin/cc     -o CMakeFiles/cmTC_b4c48.dir/CheckSymbolExists.c.o   -c /home/armadillo2/catkin_ws/src/armadillo2/armadillo2_utils/libfreenect2/build/CMakeFiles/CMakeTmp/CheckSymbolExists.c
/home/armadillo2/catkin_ws/src/armadillo2/armadillo2_utils/libfreenect2/build/CMakeFiles/CMakeTmp/CheckSymbolExists.c:2:47: fatal error: OpenCL_INCLUDE_DIR-NOTFOUND/CL/cl.h: No such file or directory
compilation terminated.
CMakeFiles/cmTC_b4c48.dir/build.make:65: recipe for target 'CMakeFiles/cmTC_b4c48.dir/CheckSymbolExists.c.o' failed
make[1]: *** [CMakeFiles/cmTC_b4c48.dir/CheckSymbolExists.c.o] Error 1
make[1]: Leaving directory '/home/armadillo2/catkin_ws/src/armadillo2/armadillo2_utils/libfreenect2/build/CMakeFiles/CMakeTmp'
Makefile:126: recipe for target 'cmTC_b4c48/fast' failed
make: *** [cmTC_b4c48/fast] Error 2

File /home/armadillo2/catkin_ws/src/armadillo2/armadillo2_utils/libfreenect2/build/CMakeFiles/CMakeTmp/CheckSymbolExists.c:
/* */
#include <OpenCL_INCLUDE_DIR-NOTFOUND/CL/cl.h>

int main(int argc, char** argv)
{
  (void)argv;
#ifndef CL_VERSION_1_0
  return ((int*)(&CL_VERSION_1_0))[argc];
#else
  (void)argc;
  return 0;
#endif
}

